<?xml version="1.0" encoding="UTF-8"?>
<testng-results ignored="0" total="1" passed="1" failed="0" skipped="0">
  <reporter-output>
  </reporter-output>
  <suite started-at="2024-04-01T16:51:23 IST" name="Default suite" finished-at="2024-04-01T16:51:26 IST" duration-ms="2650">
    <groups>
    </groups>
    <test started-at="2024-04-01T16:51:23 IST" name="Default test" finished-at="2024-04-01T16:51:26 IST" duration-ms="2650">
      <class name="LaunchBrowser">
        <test-method is-config="true" signature="setUp()[pri:0, instance:LaunchBrowser@3eb7fc54]" started-at="2024-04-01T16:51:23 IST" name="setUp" finished-at="2024-04-01T16:51:26 IST" duration-ms="2521" status="PASS">
          <reporter-output>
          </reporter-output>
        </test-method> <!-- setUp -->
        <test-method signature="test()[pri:0, instance:LaunchBrowser@3eb7fc54]" started-at="2024-04-01T16:51:26 IST" name="test" finished-at="2024-04-01T16:51:26 IST" duration-ms="16" status="PASS">
          <reporter-output>
          </reporter-output>
        </test-method> <!-- test -->
      </class> <!-- LaunchBrowser -->
    </test> <!-- Default test -->
  </suite> <!-- Default suite -->
</testng-results>
